<?xml version="1.0" encoding="UTF-8"?>
<testsuite xmlns:xsi="http://www.w3.org/2001/XMLSchema-instance" xsi:noNamespaceSchemaLocation="https://maven.apache.org/surefire/maven-surefire-plugin/xsd/surefire-test-report.xsd" version="3.0.1" name="TestSuite" time="18.932" tests="16" errors="0" skipped="0" failures="0">
  <properties>
    <property name="java.specification.version" value="23"/>
    <property name="sun.cpu.isalist" value="amd64"/>
    <property name="sun.jnu.encoding" value="Cp1252"/>
    <property name="java.class.path" value="E:\Users\pavan\eclipse-workspace\new\PlaywrightPomSeries\target\test-classes;E:\Users\pavan\eclipse-workspace\new\PlaywrightPomSeries\target\classes;C:\Users\pavan\.m2\repository\com\microsoft\playwright\playwright\1.50.0\playwright-1.50.0.jar;C:\Users\pavan\.m2\repository\com\google\code\gson\gson\2.12.1\gson-2.12.1.jar;C:\Users\pavan\.m2\repository\com\google\errorprone\error_prone_annotations\2.36.0\error_prone_annotations-2.36.0.jar;C:\Users\pavan\.m2\repository\org\opentest4j\opentest4j\1.3.0\opentest4j-1.3.0.jar;C:\Users\pavan\.m2\repository\com\microsoft\playwright\driver\1.50.0\driver-1.50.0.jar;C:\Users\pavan\.m2\repository\com\microsoft\playwright\driver-bundle\1.50.0\driver-bundle-1.50.0.jar;C:\Users\pavan\.m2\repository\org\testng\testng\7.11.0\testng-7.11.0.jar;C:\Users\pavan\.m2\repository\org\slf4j\slf4j-api\2.0.16\slf4j-api-2.0.16.jar;C:\Users\pavan\.m2\repository\org\jcommander\jcommander\1.83\jcommander-1.83.jar;C:\Users\pavan\.m2\repository\org\webjars\jquery\3.7.1\jquery-3.7.1.jar;C:\Users\pavan\.m2\repository\com\aventstack\extentreports\5.1.2\extentreports-5.1.2.jar;C:\Users\pavan\.m2\repository\io\reactivex\rxjava3\rxjava\3.1.6\rxjava-3.1.6.jar;C:\Users\pavan\.m2\repository\org\reactivestreams\reactive-streams\1.0.4\reactive-streams-1.0.4.jar;C:\Users\pavan\.m2\repository\org\freemarker\freemarker\2.3.32\freemarker-2.3.32.jar;C:\Users\pavan\.m2\repository\org\projectlombok\lombok\1.18.26\lombok-1.18.26.jar;"/>
    <property name="java.vm.vendor" value="Oracle Corporation"/>
    <property name="sun.arch.data.model" value="64"/>
    <property name="user.variant" value=""/>
    <property name="java.vendor.url" value="https://java.oracle.com/"/>
    <property name="user.timezone" value="Asia/Calcutta"/>
    <property name="os.name" value="Windows 11"/>
    <property name="java.vm.specification.version" value="23"/>
    <property name="sun.java.launcher" value="SUN_STANDARD"/>
    <property name="user.country" value="IN"/>
    <property name="sun.boot.library.path" value="E:\Program Files\Java\jdk-23\bin"/>
    <property name="sun.java.command" value="C:\Users\pavan\AppData\Local\Temp\surefire6235221510354322416\surefirebooter-20250419112108588_3.jar C:\Users\pavan\AppData\Local\Temp\surefire6235221510354322416 2025-04-19T11-21-08_442-jvmRun1 surefire-20250419112108588_1tmp surefire_0-20250419112108588_2tmp"/>
    <property name="jdk.debug" value="release"/>
    <property name="surefire.test.class.path" value="E:\Users\pavan\eclipse-workspace\new\PlaywrightPomSeries\target\test-classes;E:\Users\pavan\eclipse-workspace\new\PlaywrightPomSeries\target\classes;C:\Users\pavan\.m2\repository\com\microsoft\playwright\playwright\1.50.0\playwright-1.50.0.jar;C:\Users\pavan\.m2\repository\com\google\code\gson\gson\2.12.1\gson-2.12.1.jar;C:\Users\pavan\.m2\repository\com\google\errorprone\error_prone_annotations\2.36.0\error_prone_annotations-2.36.0.jar;C:\Users\pavan\.m2\repository\org\opentest4j\opentest4j\1.3.0\opentest4j-1.3.0.jar;C:\Users\pavan\.m2\repository\com\microsoft\playwright\driver\1.50.0\driver-1.50.0.jar;C:\Users\pavan\.m2\repository\com\microsoft\playwright\driver-bundle\1.50.0\driver-bundle-1.50.0.jar;C:\Users\pavan\.m2\repository\org\testng\testng\7.11.0\testng-7.11.0.jar;C:\Users\pavan\.m2\repository\org\slf4j\slf4j-api\2.0.16\slf4j-api-2.0.16.jar;C:\Users\pavan\.m2\repository\org\jcommander\jcommander\1.83\jcommander-1.83.jar;C:\Users\pavan\.m2\repository\org\webjars\jquery\3.7.1\jquery-3.7.1.jar;C:\Users\pavan\.m2\repository\com\aventstack\extentreports\5.1.2\extentreports-5.1.2.jar;C:\Users\pavan\.m2\repository\io\reactivex\rxjava3\rxjava\3.1.6\rxjava-3.1.6.jar;C:\Users\pavan\.m2\repository\org\reactivestreams\reactive-streams\1.0.4\reactive-streams-1.0.4.jar;C:\Users\pavan\.m2\repository\org\freemarker\freemarker\2.3.32\freemarker-2.3.32.jar;C:\Users\pavan\.m2\repository\org\projectlombok\lombok\1.18.26\lombok-1.18.26.jar;"/>
    <property name="sun.cpu.endian" value="little"/>
    <property name="user.home" value="C:\Users\pavan"/>
    <property name="user.language" value="en"/>
    <property name="java.specification.vendor" value="Oracle Corporation"/>
    <property name="java.version.date" value="2025-01-21"/>
    <property name="java.home" value="E:\Program Files\Java\jdk-23"/>
    <property name="file.separator" value="\"/>
    <property name="basedir" value="E:\Users\pavan\eclipse-workspace\new\PlaywrightPomSeries"/>
    <property name="java.vm.compressedOopsMode" value="Zero based"/>
    <property name="line.separator" value="&#10;"/>
    <property name="java.vm.specification.vendor" value="Oracle Corporation"/>
    <property name="java.specification.name" value="Java Platform API Specification"/>
    <property name="surefire.real.class.path" value="C:\Users\pavan\AppData\Local\Temp\surefire6235221510354322416\surefirebooter-20250419112108588_3.jar"/>
    <property name="user.script" value=""/>
    <property name="sun.management.compiler" value="HotSpot 64-Bit Tiered Compilers"/>
    <property name="java.runtime.version" value="23.0.2+7-58"/>
    <property name="user.name" value="pavan"/>
    <property name="stdout.encoding" value="Cp1252"/>
    <property name="path.separator" value=";"/>
    <property name="os.version" value="10.0"/>
    <property name="java.runtime.name" value="Java(TM) SE Runtime Environment"/>
    <property name="file.encoding" value="UTF-8"/>
    <property name="java.vm.name" value="Java HotSpot(TM) 64-Bit Server VM"/>
    <property name="localRepository" value="C:\Users\pavan\.m2\repository"/>
    <property name="java.vendor.url.bug" value="https://bugreport.java.com/bugreport/"/>
    <property name="java.io.tmpdir" value="C:\Users\pavan\AppData\Local\Temp\"/>
    <property name="java.version" value="23.0.2"/>
    <property name="user.dir" value="E:\Users\pavan\eclipse-workspace\new\PlaywrightPomSeries"/>
    <property name="os.arch" value="amd64"/>
    <property name="java.vm.specification.name" value="Java Virtual Machine Specification"/>
    <property name="sun.os.patch.level" value=""/>
    <property name="native.encoding" value="Cp1252"/>
    <property name="java.library.path" value="E:\Program Files\Java\jdk-23\bin;C:\WINDOWS\Sun\Java\bin;C:\WINDOWS\system32;C:\WINDOWS;C:\Users\pavan\Downloads\jdk-17\bin;C:\Users\pavan\Downloads\jdk-17\bin\server;C:\Program Files (x86)\Java\jre1.8.0_301;C:\Users\pavan\AppData\Local\Android\Sdk\tools\bin;C:\Users\pavan\AppData\Local\Android\Sdk\tools;C:\Users\pavan\AppData\Local\Android\Sdk\platform-tools;C:\Program Files\Common Files\Oracle\Java\javapath;C:\WINDOWS\system32;C:\WINDOWS;C:\WINDOWS\System32\Wbem;C:\WINDOWS\System32\WindowsPowerShell\v1.0\;C:\WINDOWS\System32\OpenSSH\;C:\xampp\php;C:\ProgramData\ComposerSetup\bin;C:\Program Files (x86)\DevDesktop\drush_10;C:\Program Files\Java\jdk-14.0.2\bin;C:\Program Files\Java\jdk-17;C:\Program Files\Java\jdk-17\bin;C:\Users\pavan\eclipse-workspace\maven;C:\Program Files\dotnet\;C:\Program Files\Microsoft SQL Server\Client SDK\ODBC\170\Tools\Binn\;C:\Program Files (x86)\Microsoft SQL Server\150\Tools\Binn\;C:\Program Files\Microsoft SQL Server\150\Tools\Binn\;C:\Program Files\Microsoft SQL Server\150\DTS\Binn\;C:\Program Files\nodejs;C:\strawberry\c\bin;C:\strawberry\perl\bin;C:\Program Files\nodejs\node_modules\npm\bin;C:\Program Files\apache-maven-3.9.4-bin\apache-maven-3.9.4\bin;C:\pycharm\PyCharm Community Edition 2023.2.5\bin;C:\Program Files\PuTTY\;E:\Program Files\nodejs\;C:\Program Files\Git\cmd;E:\Maven\apache-maven-3.9.9-bin\apache-maven-3.9.9\bin;E:\Program Files\Java\jdk-23\bin;;C:\Program Files\Docker\Docker\resources\bin;C:\Program Files\MySQL\MySQL Shell 8.0\bin\;C:\Users\pavan\AppData\Local\Programs\Python\Python312\Scripts\;C:\Users\pavan\AppData\Local\Programs\Python\Python312\;C:\Users\pavan\AppData\Local\Microsoft\WindowsApps;C:\Users\pavan\AppData\Local\Programs\Microsoft VS Code\bin;C:\Users\pavan\AppData\Local\Android\Sdk;C:\Users\pavan\AppData\Local\Android\Sdk\emulator;C:\Program Files\Android\Android Studio2;C:\Program Files\Java\jdk-19;C:\Program Files (x86)\Notepad++;C:\Users\pavan\AppData\Local\GitHubDesktop\bin;C:\Users\pavan\AppData\Local\JetBrains\IntelliJ IDEA 2023.2.1\bin;C:\Program Files\apache-maven-3.9.6\bin;C:\Users\pavan\AppData\Roaming\npm;E:\Program Files\JetBrains\PyCharm Community Edition 2024.2.4\bin;E:\apache-maven-3.9.9-bin;E:\apache-maven-3.9.9-bin\apache-maven-3.9.9\bin;E:\apache-maven-3.9.9-bin;E:\Program Files\Docker Toolbox;."/>
    <property name="java.vm.info" value="mixed mode, sharing"/>
    <property name="stderr.encoding" value="Cp1252"/>
    <property name="java.vendor" value="Oracle Corporation"/>
    <property name="java.vm.version" value="23.0.2+7-58"/>
    <property name="sun.io.unicode.encoding" value="UnicodeLittle"/>
    <property name="java.class.version" value="67.0"/>
  </properties>
  <testcase name="homePageTitleTest" classname="com.qa.opencart.tests.HomePageTest" time="0.021">
    <system-out><![CDATA[...
... TestNG 7.11.0 by CÃ©dric Beust (cedric@beust.com)
...

Test Suite started!
Test Suite started!
browser naem is :chrome
browser naem is :chrome
loginPageNavigationTest started!
homePageTitleTest started!
page title: Your Store
Your Store
Your Store
homePageTitleTestpassed!
]]></system-out>
    <system-err><![CDATA[SLF4J(W): No SLF4J providers were found.
SLF4J(W): Defaulting to no-operation (NOP) logger implementation
SLF4J(W): See https://www.slf4j.org/codes.html#noProviders for further details.
]]></system-err>
  </testcase>
  <testcase name="homePageTitleTest" classname="com.qa.opencart.tests.HomePageTest" time="0.011">
    <system-out><![CDATA[Test Suite started!
browser naem is :chromium
Test Suite is ending!
Test Suite started!
browser naem is :chrome
homePageTitleTest started!
page title: Your Store
Your Store
Your Store
homePageTitleTestpassed!
]]></system-out>
  </testcase>
  <testcase name="homePageURLTest" classname="com.qa.opencart.tests.HomePageTest" time="0.004">
    <system-out><![CDATA[homePageURLTest started!
page url : https://naveenautomationlabs.com/opencart/
homePageURLTestpassed!
]]></system-out>
  </testcase>
  <testcase name="homePageURLTest" classname="com.qa.opencart.tests.HomePageTest" time="0.002">
    <system-out><![CDATA[homePageURLTest started!
page url : https://naveenautomationlabs.com/opencart/
homePageURLTestpassed!
]]></system-out>
  </testcase>
  <testcase name="searchTest[Macbook](1)" classname="com.qa.opencart.tests.HomePageTest" time="0.873">
    <system-out><![CDATA[searchTest started!
search header: Search - Macbook
searchTestpassed!
]]></system-out>
  </testcase>
  <testcase name="searchTest[Macbook](1)" classname="com.qa.opencart.tests.HomePageTest" time="0.493">
    <system-out><![CDATA[searchTest started!
search header: Search - Macbook
searchTestpassed!
]]></system-out>
  </testcase>
  <testcase name="searchTest[iMac](2)" classname="com.qa.opencart.tests.HomePageTest" time="0.995">
    <system-out><![CDATA[appLoginTest started!
App creds: 1234taraka@gmail.com:1234Tarak@
search header: Search - iMac
searchTestpassed!
]]></system-out>
  </testcase>
  <testcase name="searchTest[iMac](2)" classname="com.qa.opencart.tests.HomePageTest" time="0.199">
    <system-out><![CDATA[searchTest started!
loginPageNavigationTest started!
search header: Search - iMac
searchTestpassed!
]]></system-out>
  </testcase>
  <testcase name="searchTest[Samsung](3)" classname="com.qa.opencart.tests.HomePageTest" time="0.404">
    <system-out><![CDATA[Test Suite is ending!
search header: Search - Samsung
searchTestpassed!
]]></system-out>
  </testcase>
  <testcase name="searchTest[Samsung](3)" classname="com.qa.opencart.tests.HomePageTest" time="0.029">
    <system-out><![CDATA[forgotPwdLinkExistTest started!
search header: Search - Samsung
searchTestpassed!
]]></system-out>
  </testcase>
  <testcase name="loginPageNavigationTest" classname="com.qa.opencart.tests.LoginPageTest" time="0.014">
    <system-out><![CDATA[searchTest started!
page act title: Account Login
loginPageNavigationTestpassed!
]]></system-out>
  </testcase>
  <testcase name="loginPageNavigationTest" classname="com.qa.opencart.tests.LoginPageTest" time="2.252">
    <system-out><![CDATA[searchTest started!
page act title: Account Login
loginPageNavigationTestpassed!
]]></system-out>
  </testcase>
  <testcase name="forgotPwdLinkExistTest" classname="com.qa.opencart.tests.LoginPageTest" time="0.022">
    <system-out><![CDATA[forgotPwdLinkExistTest started!
forgotPwdLinkExistTestpassed!
]]></system-out>
  </testcase>
  <testcase name="forgotPwdLinkExistTest" classname="com.qa.opencart.tests.LoginPageTest" time="0.034">
    <system-out><![CDATA[forgotPwdLinkExistTestpassed!
]]></system-out>
  </testcase>
  <testcase name="appLoginTest" classname="com.qa.opencart.tests.LoginPageTest" time="0.011">
    <system-out><![CDATA[searchTest started!
user is logged in successfully....
appLoginTestpassed!
]]></system-out>
  </testcase>
  <testcase name="appLoginTest" classname="com.qa.opencart.tests.LoginPageTest" time="0.829">
    <system-out><![CDATA[appLoginTest started!
App creds: 1234taraka@gmail.com:1234Tarak@
Test Suite is ending!
user is logged in successfully....
appLoginTestpassed!
]]></system-out>
  </testcase>
</testsuite>