<?xml version="1.0" encoding="UTF-8"?>
<!-- Generated by org.testng.reporters.JUnitReportReporter -->
<testsuite hostname="DESKTOP-CFBCV8Q" failures="0" tests="5" name="com.qa.opencart.tests.HomePageTest" time="1.416" errors="0" timestamp="2025-04-14T10:04:06 IST" skipped="0">
  <testcase classname="com.qa.opencart.tests.HomePageTest" name="homePageTitleTest" time="0.039"/>
  <system-out/>
  <testcase classname="com.qa.opencart.tests.HomePageTest" name="homePageURLTest" time="0.001"/>
  <system-out/>
  <testcase classname="com.qa.opencart.tests.HomePageTest" name="searchTest" time="0.376"/>
  <system-out/>
  <testcase classname="com.qa.opencart.tests.HomePageTest" name="searchTest" time="0.281"/>
  <system-out/>
  <testcase classname="com.qa.opencart.tests.HomePageTest" name="searchTest" time="0.719"/>
  <system-out/>
</testsuite> <!-- com.qa.opencart.tests.HomePageTest -->
