<?xml version="1.0" encoding="UTF-8"?>
<!-- Generated by org.testng.reporters.JUnitReportReporter -->
<testsuite hostname="DESKTOP-CFBCV8Q" failures="0" tests="5" name="com.qa.opencart.tests.HomePageTest" time="1.340" errors="0" timestamp="2025-04-03T11:45:17 IST" skipped="0">
  <testcase classname="com.qa.opencart.tests.HomePageTest" name="homePageTitleTest" time="0.027"/>
  <system-out/>
  <testcase classname="com.qa.opencart.tests.HomePageTest" name="homePageURLTest" time="0.001"/>
  <system-out/>
  <testcase classname="com.qa.opencart.tests.HomePageTest" name="searchTest" time="0.599"/>
  <system-out/>
  <testcase classname="com.qa.opencart.tests.HomePageTest" name="searchTest" time="0.423"/>
  <system-out/>
  <testcase classname="com.qa.opencart.tests.HomePageTest" name="searchTest" time="0.290"/>
  <system-out/>
</testsuite> <!-- com.qa.opencart.tests.HomePageTest -->
