<?xml version="1.0" encoding="UTF-8"?>
<!-- Generated by org.testng.reporters.JUnitReportReporter -->
<testsuite hostname="DESKTOP-CFBCV8Q" failures="0" tests="5" name="com.qa.opencart.tests.HomePageTest" time="1.216" errors="0" timestamp="2025-04-02T23:47:29 IST" skipped="0">
  <testcase classname="com.qa.opencart.tests.HomePageTest" name="homePageTitleTest" time="0.017"/>
  <system-out/>
  <testcase classname="com.qa.opencart.tests.HomePageTest" name="homePageURLTest" time="0.001"/>
  <system-out/>
  <testcase classname="com.qa.opencart.tests.HomePageTest" name="searchTest" time="0.291"/>
  <system-out/>
  <testcase classname="com.qa.opencart.tests.HomePageTest" name="searchTest" time="0.385"/>
  <system-out/>
  <testcase classname="com.qa.opencart.tests.HomePageTest" name="searchTest" time="0.522"/>
  <system-out/>
</testsuite> <!-- com.qa.opencart.tests.HomePageTest -->
