<?xml version="1.0" encoding="UTF-8"?>
<!-- Generated by org.testng.reporters.JUnitReportReporter -->
<testsuite hostname="DESKTOP-CFBCV8Q" failures="0" tests="10" name="com.qa.opencart.tests.HomePageTest" time="8.032" errors="0" timestamp="2025-04-20T19:49:01 IST" skipped="0">
  <testcase classname="com.qa.opencart.tests.HomePageTest" name="homePageTitleTest" time="0.033"/>
  <testcase classname="com.qa.opencart.tests.HomePageTest" name="homePageTitleTest" time="0.063"/>
  <testcase classname="com.qa.opencart.tests.HomePageTest" name="homePageURLTest" time="0.002"/>
  <testcase classname="com.qa.opencart.tests.HomePageTest" name="homePageURLTest" time="0.003"/>
  <testcase classname="com.qa.opencart.tests.HomePageTest" name="searchTest" time="0.435"/>
  <testcase classname="com.qa.opencart.tests.HomePageTest" name="searchTest" time="0.511"/>
  <testcase classname="com.qa.opencart.tests.HomePageTest" name="searchTest" time="0.683"/>
  <testcase classname="com.qa.opencart.tests.HomePageTest" name="searchTest" time="3.471"/>
  <testcase classname="com.qa.opencart.tests.HomePageTest" name="searchTest" time="0.433"/>
  <testcase classname="com.qa.opencart.tests.HomePageTest" name="searchTest" time="2.398"/>
</testsuite> <!-- com.qa.opencart.tests.HomePageTest -->
