<?xml version="1.0" encoding="UTF-8"?>
<!-- Generated by org.testng.reporters.JUnitReportReporter -->
<testsuite hostname="DESKTOP-CFBCV8Q" failures="0" tests="10" name="com.qa.opencart.tests.HomePageTest" time="5.595" errors="0" timestamp="2025-04-19T11:21:27 IST" skipped="0">
  <testcase classname="com.qa.opencart.tests.HomePageTest" name="homePageTitleTest" time="0.013"/>
  <testcase classname="com.qa.opencart.tests.HomePageTest" name="homePageTitleTest" time="0.010"/>
  <testcase classname="com.qa.opencart.tests.HomePageTest" name="homePageURLTest" time="0.001"/>
  <testcase classname="com.qa.opencart.tests.HomePageTest" name="homePageURLTest" time="0.002"/>
  <testcase classname="com.qa.opencart.tests.HomePageTest" name="searchTest" time="0.512"/>
  <testcase classname="com.qa.opencart.tests.HomePageTest" name="searchTest" time="1.041"/>
  <testcase classname="com.qa.opencart.tests.HomePageTest" name="searchTest" time="2.273"/>
  <testcase classname="com.qa.opencart.tests.HomePageTest" name="searchTest" time="0.863"/>
  <testcase classname="com.qa.opencart.tests.HomePageTest" name="searchTest" time="0.399"/>
  <testcase classname="com.qa.opencart.tests.HomePageTest" name="searchTest" time="0.481"/>
</testsuite> <!-- com.qa.opencart.tests.HomePageTest -->
