<?xml version="1.0" encoding="UTF-8"?>
<!-- Generated by org.testng.reporters.JUnitReportReporter -->
<testsuite hostname="DESKTOP-CFBCV8Q" failures="0" tests="10" name="com.qa.opencart.tests.HomePageTest" time="3.065" errors="0" timestamp="2025-04-24T19:39:51 IST" skipped="0">
  <testcase classname="com.qa.opencart.tests.HomePageTest" name="homePageTitleTest" time="0.040"/>
  <testcase classname="com.qa.opencart.tests.HomePageTest" name="homePageTitleTest" time="0.042"/>
  <testcase classname="com.qa.opencart.tests.HomePageTest" name="homePageURLTest" time="0.001"/>
  <testcase classname="com.qa.opencart.tests.HomePageTest" name="homePageURLTest" time="0.001"/>
  <testcase classname="com.qa.opencart.tests.HomePageTest" name="searchTest" time="0.478"/>
  <testcase classname="com.qa.opencart.tests.HomePageTest" name="searchTest" time="0.373"/>
  <testcase classname="com.qa.opencart.tests.HomePageTest" name="searchTest" time="0.390"/>
  <testcase classname="com.qa.opencart.tests.HomePageTest" name="searchTest" time="0.496"/>
  <testcase classname="com.qa.opencart.tests.HomePageTest" name="searchTest" time="0.630"/>
  <testcase classname="com.qa.opencart.tests.HomePageTest" name="searchTest" time="0.614"/>
</testsuite> <!-- com.qa.opencart.tests.HomePageTest -->
