<?xml version="1.0" encoding="UTF-8"?>
<!-- Generated by org.testng.reporters.JUnitReportReporter -->
<testsuite hostname="DESKTOP-CFBCV8Q" failures="0" tests="10" name="com.qa.opencart.tests.HomePageTest" time="4.540" errors="0" timestamp="2025-04-20T05:22:29 IST" skipped="0">
  <testcase classname="com.qa.opencart.tests.HomePageTest" name="homePageTitleTest" time="0.024"/>
  <testcase classname="com.qa.opencart.tests.HomePageTest" name="homePageTitleTest" time="0.075"/>
  <testcase classname="com.qa.opencart.tests.HomePageTest" name="homePageURLTest" time="0.004"/>
  <testcase classname="com.qa.opencart.tests.HomePageTest" name="homePageURLTest" time="0.002"/>
  <testcase classname="com.qa.opencart.tests.HomePageTest" name="searchTest" time="1.112"/>
  <testcase classname="com.qa.opencart.tests.HomePageTest" name="searchTest" time="0.999"/>
  <testcase classname="com.qa.opencart.tests.HomePageTest" name="searchTest" time="0.361"/>
  <testcase classname="com.qa.opencart.tests.HomePageTest" name="searchTest" time="0.759"/>
  <testcase classname="com.qa.opencart.tests.HomePageTest" name="searchTest" time="0.459"/>
  <testcase classname="com.qa.opencart.tests.HomePageTest" name="searchTest" time="0.745"/>
</testsuite> <!-- com.qa.opencart.tests.HomePageTest -->
