<?xml version="1.0" encoding="UTF-8"?>
<!-- Generated by org.testng.reporters.JUnitReportReporter -->
<testsuite hostname="DESKTOP-CFBCV8Q" failures="0" tests="10" name="com.qa.opencart.tests.HomePageTest" time="3.006" errors="0" timestamp="2025-04-20T08:55:21 IST" skipped="0">
  <testcase classname="com.qa.opencart.tests.HomePageTest" name="homePageTitleTest" time="0.083"/>
  <testcase classname="com.qa.opencart.tests.HomePageTest" name="homePageTitleTest" time="0.014"/>
  <testcase classname="com.qa.opencart.tests.HomePageTest" name="homePageURLTest" time="0.001"/>
  <testcase classname="com.qa.opencart.tests.HomePageTest" name="homePageURLTest" time="0.002"/>
  <testcase classname="com.qa.opencart.tests.HomePageTest" name="searchTest" time="0.634"/>
  <testcase classname="com.qa.opencart.tests.HomePageTest" name="searchTest" time="0.644"/>
  <testcase classname="com.qa.opencart.tests.HomePageTest" name="searchTest" time="0.452"/>
  <testcase classname="com.qa.opencart.tests.HomePageTest" name="searchTest" time="0.361"/>
  <testcase classname="com.qa.opencart.tests.HomePageTest" name="searchTest" time="0.321"/>
  <testcase classname="com.qa.opencart.tests.HomePageTest" name="searchTest" time="0.494"/>
</testsuite> <!-- com.qa.opencart.tests.HomePageTest -->
